<?xml version="1.0" encoding="UTF-8"?>
<!-- Generated by org.testng.reporters.JUnitReportReporter -->
<testsuite hostname="GISI-PF0NVPH8" failures="0" tests="1" name="com.amazon.Testcases.AmazonPurchase" time="27.503" errors="0" timestamp="2019-09-12T15:55:59 IST" skipped="0">
  <testcase classname="com.amazon.Testcases.AmazonPurchase" name="checkValidUser" time="27.503"/>
</testsuite> <!-- com.amazon.Testcases.AmazonPurchase -->
