<?xml version="1.0" encoding="UTF-8"?>
<!-- Generated by org.testng.reporters.JUnitReportReporter -->
<testsuite hostname="GISI-PF0NVPH8" failures="0" tests="1" name="com.amazon.Testcases.VerifyProdSearch" time="0.000" errors="0" timestamp="2019-09-12T15:54:54 IST" skipped="1">
  <testcase classname="com.amazon.Testcases.VerifyProdSearch" name="checkproductsearch" time="0.000">
    <skipped/>
  </testcase> <!-- checkproductsearch -->
</testsuite> <!-- com.amazon.Testcases.VerifyProdSearch -->
